<nodeTypes xmlns:nt="http://www.jcp.org/jcr/nt/1.0" xmlns:mix="http://www.jcp.org/jcr/mix/1.0"
  xmlns:jcr="http://www.jcp.org/jcr/1.0">
  
	<nodeType name="exo:enableVersioning" isMixin="false" hasOrderableChildNodes="false" primaryItemName="">
    <supertypes>
      <supertype>exo:scriptAction</supertype>
    </supertypes>
    <propertyDefinitions>
      <propertyDefinition name="exo:script" requiredType="String" autoCreated="true" mandatory="true"
        onParentVersion="COPY" protected="true" multiple="false">
        <valueConstraints/>
        <defaultValues>
          <defaultValue>ecm-explorer/action/EnableVersioningScript.groovy</defaultValue>
        </defaultValues>
      </propertyDefinition>
    </propertyDefinitions>
  </nodeType>
	
	<nodeType name="exo:autoVersioning" isMixin="false" hasOrderableChildNodes="false" primaryItemName="">
    <supertypes>
      <supertype>exo:scriptAction</supertype>
    </supertypes>
    <propertyDefinitions>
      <propertyDefinition name="exo:script" requiredType="String" autoCreated="true" mandatory="true"
        onParentVersion="COPY" protected="true" multiple="false">
        <valueConstraints/>
        <defaultValues>
          <defaultValue>ecm-explorer/action/AutoVersioningScript.groovy</defaultValue>
        </defaultValues>
      </propertyDefinition>
    </propertyDefinitions>
  </nodeType>
    	
</nodeTypes>
